[00:01:02] 200 - 51.6608ms PUT /api/v1/Department/ccb8bca8-f8f5-4822-a404-5bf5a189a1ad
[00:18:51] 200 - 26.5563ms PUT /api/v1/Department/ccb8bca8-f8f5-4822-a404-5bf5a189a1ad
[00:18:57] 200 - 22.5642ms GET /api/v1/Department
[10:07:24] 200 - 102.9614ms POST /api/v1/auth/login
[10:07:40] 200 - 31.3865ms PUT /api/v1/Department/ccb8bca8-f8f5-4822-a404-5bf5a189a1ad
[10:40:28] 200 - 30.8878ms PUT /api/v1/Department/4f07f716-226f-4ff8-a76a-c0659da0326a
[10:40:40] 401 -      0s GET /api/v1/Department
[10:40:53] 200 - 42.7628ms GET /api/v1/Department
[10:47:26] 200 - 32.0512ms DELETE /api/v1/Department/fb6591e7-c550-44cd-b8d3-f1ba034e2bec
[10:47:34] 200 - 27.0538ms GET /api/v1/Department
[13:19:43] 200 - 101.0129ms POST /api/v1/auth/login
[13:20:08] 500 - 32.7916ms GET /api/v1/Pangkat&Golongan
[13:22:24] 500 - 17.6884ms GET /api/v1/Pangkat&Golongan
[13:26:49] 200 - 21.4489ms GET /api/v1/Handle
[13:31:33] 200 - 97.8486ms GET /api/v1/Handle
[13:48:13] 200 - 101.7332ms POST /api/v1/auth/login
[13:48:32] 200 - 22.7791ms GET /api/v1/Handle
[14:09:27] 200 - 38.1661ms POST /api/v1/Handle
[14:11:14] 200 - 34.1751ms POST /api/v1/Handle
[14:11:46] 200 - 26.3684ms GET /api/v1/Handle
[15:40:31] 200 - 103.8807ms POST /api/v1/auth/login
[16:05:30] 200 - 42.3001ms DELETE /api/v1/Handle/3000e3ae-b01b-49b3-970f-6ae6fe9506a3
[16:05:34] 401 -      0s GET /api/v1/Handle
[16:05:52] 200 - 23.9856ms GET /api/v1/Handle
[16:06:24] 401 -      0s POST /api/v1/Handle
[16:06:31] 200 - 35.0797ms POST /api/v1/Handle
[16:06:53] 200 - 38.9594ms POST /api/v1/Handle
[16:07:07] 200 - 33.9954ms POST /api/v1/Handle
[16:07:59] 200 - 18.6021ms GET /api/v1/Handle
[16:09:38] 200 - 18.8096ms GET /api/v1/Handle
[16:34:52] 200 - 105.8025ms POST /api/v1/auth/login
[16:35:15] 200 - 23.6894ms GET /api/v1/Handle
[16:42:50] 200 - 38.5171ms PUT /api/v1/Handle/1f2e37b9-b573-402c-90f5-4cbb13d9e7e6
[16:42:56] 200 - 17.4009ms GET /api/v1/Handle
