[13:10:39] 200 - 88.4327ms POST /api/v1/auth/login
[13:10:50] 200 - 41.1784ms GET /api/v1/perjalanan-dinas/telaah
[13:18:20] 200 - 16.5889ms GET /api/v1/kegiatan/
[13:19:17] 200 - 21.3661ms GET /api/v1/employees/
[13:20:02] 200 - 21.0683ms POST /api/v1/employees/
[13:20:06] 200 - 19.8149ms GET /api/v1/employees/
[13:22:53] 200 - 12.2192ms GET /api/v1/kegiatan/
[13:28:55] 401 -      0s POST /api/v1/lumpsum/
[13:29:09] 200 - 28.6442ms POST /api/v1/lumpsum/
[13:35:07] 200 - 19.7417ms GET /api/v1/employees/
[13:36:46] 200 - 32.1869ms GET /api/v1/employees/93782ae4-f06e-46c0-8132-cc64d664576e
[13:36:59] 401 -      0s GET /api/v1/employees/93782ae4-f06e-46c0-8132-cc64d664576e
[13:37:09] 200 - 23.7684ms GET /api/v1/employees/801fad52-538c-4e4e-8fe1-170c341a87b4
[13:37:32] 401 -      0s GET /api/v1/kegiatan/29f22930-5bf2-4625-bfc3-da72da41902b
[13:37:48] 401 -      0s GET /api/v1/kegiatan/29f22930-5bf2-4625-bfc3-da72da41902b
[13:38:14] 200 - 16.9163ms GET /api/v1/kegiatan/29f22930-5bf2-4625-bfc3-da72da41902b
[13:51:00] 200 - 18.5782ms GET /api/v1/kegiatan/
[13:51:26] 401 -      0s POST /api/v1/perjalanan-dinas/telaah
[13:51:34] 200 - 63.5446ms POST /api/v1/perjalanan-dinas/telaah
[13:51:53] 200 - 35.1291ms GET /api/v1/perjalanan-dinas/telaah
[14:00:34] 200 - 36.6479ms POST /api/v1/kegiatan/
[14:00:42] 200 - 26.6194ms GET /api/v1/kegiatan/
[14:04:47] 200 - 93.1298ms GET /api/v1/perjalanan-dinas/telaah
[14:08:15] 200 - 67.8611ms POST /api/v1/perjalanan-dinas/telaah
[14:08:28] 200 - 29.3897ms GET /api/v1/perjalanan-dinas/telaah
[14:13:29] 200 - 23.0046ms GET /api/v1/perjalanan-dinas/telaah
[14:30:55] 200 - 33.3092ms GET /api/v1/perjalanan-dinas/telaah
[14:32:07] 200 - 27.0829ms GET /api/v1/perjalanan-dinas/telaah
[14:32:46] 200 - 30.7552ms GET /api/v1/perjalanan-dinas/telaah
[14:33:05] 200 - 25.3128ms GET /api/v1/kegiatan/
[14:33:43] 200 - 21.751ms GET /api/v1/perjalanan-dinas/telaah
[14:41:44] 200 - 33.879ms GET /api/v1/perjalanan-dinas/telaah
[14:42:38] 200 - 25.892ms PUT /api/v1/kegiatan/29f22930-5bf2-4625-bfc3-da72da41902b
[14:42:49] 200 - 24.0402ms GET /api/v1/perjalanan-dinas/telaah
[14:56:08] 200 - 32.6048ms GET /api/v1/perjalanan-dinas/telaah
[15:33:49] 200 - 82.6506ms POST /api/v1/perjalanan-dinas/telaah
[15:33:59] 200 - 39.3807ms GET /api/v1/perjalanan-dinas/telaah
[15:38:21] 200 - 42.1219ms POST /api/v1/perjalanan-dinas/telaah
[15:38:25] 200 - 35.483ms GET /api/v1/perjalanan-dinas/telaah
[15:38:47] 200 - 70.4781ms POST /api/v1/perjalanan-dinas/telaah
[15:38:52] 200 - 84.9494ms GET /api/v1/perjalanan-dinas/telaah
[19:29:19] 500 - 2.0065ms GET /verifications
