[00:01:20] 200 - 61.9304ms POST /api/v1/perjalanan-dinas/telaah
[00:02:13] 200 - 75.6322ms POST /api/v1/perjalanan-dinas/telaah
[00:04:38] 200 - 65.8299ms POST /api/v1/perjalanan-dinas/telaah
[00:05:24] 200 - 59.1525ms POST /api/v1/perjalanan-dinas/telaah
[12:50:15] 401 -      0s POST /api/v1/perjalanan-dinas/telaah
[12:50:19] 200 - 88.7879ms POST /api/v1/auth/login
[12:50:27] 200 - 55.5383ms POST /api/v1/perjalanan-dinas/telaah
[12:53:56] 200 - 79.5922ms POST /api/v1/perjalanan-dinas/telaah
[12:55:07] 200 - 68.0943ms POST /api/v1/perjalanan-dinas/telaah
[12:57:40] 200 - 84.3166ms POST /api/v1/perjalanan-dinas/telaah
[14:18:37] 200 - 75.0821ms POST /api/v1/perjalanan-dinas/telaah
[14:21:11] 200 - 89.0606ms POST /api/v1/perjalanan-dinas/telaah
[15:00:33] 200 - 84.3129ms POST /api/v1/perjalanan-dinas/telaah
[15:01:12] 200 - 87.7337ms POST /api/v1/perjalanan-dinas/telaah
[15:05:23] 200 - 81.7376ms POST /api/v1/perjalanan-dinas/telaah
[15:08:07] 200 - 81.6221ms POST /api/v1/perjalanan-dinas/telaah
[15:11:12] 401 -      0s GET /api/v1/perjalanan-dinas/telaah
[15:47:40] 200 - 33.9364ms GET /api/v1/employees/
[16:03:27] 200 - 37.6014ms GET /api/v1/perjalanan-dinas/telaah
[16:14:23] 200 - 35.4692ms GET /api/v1/perjalanan-dinas/telaah
[16:16:11] 200 - 28.7967ms GET /api/v1/perjalanan-dinas/telaah
[16:19:01] 200 - 23.5156ms GET /api/v1/perjalanan-dinas/telaah
[16:19:40] 200 - 25.7906ms GET /api/v1/perjalanan-dinas/telaah
[16:20:53] 200 - 43.0253ms GET /api/v1/perjalanan-dinas/telaah
[16:21:58] 200 - 36.6795ms GET /api/v1/perjalanan-dinas/telaah
[16:23:42] 200 - 34.179ms GET /api/v1/perjalanan-dinas/telaah
[16:27:07] 200 - 27.9105ms GET /api/v1/perjalanan-dinas/telaah
[16:30:23] 200 - 29.9974ms GET /api/v1/perjalanan-dinas/telaah
[16:32:48] 200 - 36.2709ms GET /api/v1/perjalanan-dinas/telaah
[16:37:18] 200 - 32.5215ms GET /api/v1/perjalanan-dinas/telaah
[16:37:58] 200 - 43.6436ms GET /api/v1/perjalanan-dinas/telaah
[16:39:57] 200 - 89.109ms POST /api/v1/perjalanan-dinas/telaah
[16:40:04] 200 - 28.8846ms GET /api/v1/perjalanan-dinas/telaah
[17:21:30] 200 - 66.6104ms GET /api/v1/perjalanan-dinas/telaah
[17:26:25] 200 - 68.7409ms GET /api/v1/perjalanan-dinas/telaah
[17:27:56] 200 - 50.0938ms GET /api/v1/perjalanan-dinas/telaah
[17:28:21] 200 - 76.5637ms GET /api/v1/perjalanan-dinas/telaah
[17:30:31] 200 - 80.5072ms POST /api/v1/perjalanan-dinas/telaah
[17:30:34] 200 - 69.1086ms GET /api/v1/perjalanan-dinas/telaah
