[10:46:54] 200 - 67.7704ms POST /api/v1/auth/login
[10:47:20] 401 - 1.0117ms POST /api/v1/perjalanan-dinas/telaah
[10:47:36] 200 - 90.2733ms POST /api/v1/perjalanan-dinas/telaah
[10:53:01] 200 - 32.9886ms GET /api/v1/perjalanan-dinas/telaah
[10:54:03] 200 - 20.0216ms GET /api/v1/perjalanan-dinas/telaah
[10:55:06] 200 - 22.1919ms GET /api/v1/perjalanan-dinas/telaah
[11:00:42] 200 - 13.8319ms GET /api/v1/perjalanan-dinas/telaah
[11:04:38] 200 - 21.8994ms GET /api/v1/perjalanan-dinas/telaah
[11:05:00] 200 - 13.8407ms GET /api/v1/perjalanan-dinas/telaah
[11:05:34] 200 - 13.4358ms GET /api/v1/perjalanan-dinas/telaah
[11:46:21] 200 - 36.6082ms POST /api/v1/perjalanan-dinas/telaah
[11:46:55] 200 - 14.871ms GET /api/v1/perjalanan-dinas/telaah
[12:49:31] 200 - 26.9941ms POST /api/v1/perjalanan-dinas/telaah
[13:51:59] 200 - 24.6612ms POST /api/v1/perjalanan-dinas/telaah
[14:00:27] 200 - 36.0913ms POST /api/v1/perjalanan-dinas/telaah
[14:49:29] 200 - 86.8287ms POST /api/v1/auth/login
[15:00:44] 200 - 25.3016ms POST /api/v1/perjalanan-dinas/telaah
[15:01:24] 200 - 28.2649ms POST /api/v1/perjalanan-dinas/telaah
[15:17:05] 200 - 39.9759ms POST /api/v1/perjalanan-dinas/telaah
[16:57:53] 200 - 63.3884ms POST /api/v1/perjalanan-dinas/telaah
[17:14:53] 200 - 46.793ms POST /api/v1/perjalanan-dinas/telaah
[17:16:00] 200 - 32.7386ms POST /api/v1/perjalanan-dinas/telaah
[19:28:09] 200 - 56.5014ms POST /api/v1/perjalanan-dinas/telaah
[19:28:45] 200 - 48.1167ms POST /api/v1/perjalanan-dinas/telaah
[19:42:42] 200 - 57.4888ms POST /api/v1/perjalanan-dinas/telaah
[21:51:34] 500 -      0s GET /verifications
[22:17:05] 200 - 126.0005ms POST /api/v1/auth/login
[22:17:15] 401 -      0s GET /api/v1/employees/
[22:17:20] 200 - 44.45ms GET /api/v1/employees/
[22:29:32] 200 - 32.6197ms POST /api/v1/perjalanan-dinas/telaah
[22:31:01] 200 - 73.2654ms POST /api/v1/perjalanan-dinas/telaah
[23:32:53] 200 - 49.8217ms POST /api/v1/perjalanan-dinas/telaah
