[16:27:57] 200 - 80.9059ms POST /api/v1/auth/login
[16:28:28] 401 -      0s GET /api/v1/kegiatan/
[16:28:43] 200 - 75.2335ms POST /api/v1/auth/login
[16:28:50] 401 -      0s GET /api/v1/kegiatan/
[16:29:01] 401 -      0s GET /api/v1/employees/
[16:29:25] 401 -      0s GET /api/v1/handle/
[16:29:37] 200 - 14.918ms GET /api/v1/handle/
[16:29:58] 200 - 77.1728ms POST /api/v1/auth/login
[16:30:06] 401 -      0s GET /api/v1/kegiatan/
[16:30:10] 200 - 71.9544ms POST /api/v1/auth/login
[16:30:15] 401 -      0s GET /api/v1/kegiatan/
[16:30:38] 200 - 84.3174ms POST /api/v1/auth/login
[16:30:46] 401 -      0s GET /api/v1/kegiatan/
[16:31:20] 401 -      0s GET /api/v1/department/
[16:32:02] 200 - 18.8033ms GET /api/v1/kegiatan/
[20:49:39] 200 - 19.1434ms POST /api/v1/perjalanan-dinas/telaah
[21:08:31] 200 - 17.4623ms GET /api/v1/kegiatan/
[21:12:16] 200 - 95.2875ms POST /api/v1/auth/login
[21:12:23] 401 -      0s GET /api/v1/perjalanan-dinas/telaah
[21:12:27] 200 - 20.3538ms GET /api/v1/perjalanan-dinas/telaah
[21:14:27] 200 - 13.4023ms GET /api/v1/perjalanan-dinas/telaah
