[14:23:51] 401 - 639.4µs POST /api/v1/employees/
[14:23:59] 200 - 86.1748ms POST /api/v1/auth/login
[14:28:44] 500 - 20.2694ms POST /api/v1/jabatan/
[17:36:01] 200 - 73.2745ms POST /api/v1/auth/login
[17:36:12] 500 - 16.1439ms POST /api/v1/jabatan/
[17:36:24] 500 - 16.2186ms POST /api/v1/pangkatgolongan
[17:37:52] 500 - 13.661ms POST /api/v1/jabatan/
[17:38:18] 200 - 46.1073ms POST /api/v1/handle/
[17:40:17] 200 - 29.6098ms POST /api/v1/department/
[17:40:35] 200 - 39.2621ms POST /api/v1/department/
[17:41:34] 200 - 36.0824ms POST /api/v1/handle/
[17:45:44] 401 - 1.8542ms GET /api/v1/department/
[17:45:55] 200 - 37.2273ms GET /api/v1/department/
[17:48:36] 401 -      0s POST /api/v1/employees/
[18:20:47] 200 - 44.4338ms POST /api/v1/employees/
[19:19:08] 500 - 25.2041ms GET /api/v1/employees/8cf6ca30-9dca-467f-b589-45706df31f58
[19:22:27] 200 - 22.2551ms GET /api/v1/employees/8cf6ca30-9dca-467f-b589-45706df31f58
[19:22:48] 200 - 39.5032ms GET /api/v1/department/
[19:22:56] 401 -      0s GET /api/v1/pangkatgolongan
[19:23:13] 500 - 22.3617ms GET /api/v1/pangkatgolongan
[19:23:22] 200 - 34.3808ms GET /api/v1/handle/
[19:24:10] 200 - 46.4802ms GET /api/v1/employees/8cf6ca30-9dca-467f-b589-45706df31f58
[19:26:49] 200 - 39.92ms GET /api/v1/employees/8cf6ca30-9dca-467f-b589-45706df31f58
[20:50:09] 200 - 21.9372ms GET /api/v1/department/
[20:52:26] 200 - 104.6857ms POST /api/v1/auth/login
[20:53:07] 200 - 164.4665ms POST /api/v1/auth/login
[20:53:25] 200 - 22.995ms GET /api/v1/department/
[20:53:47] 200 - 38.8422ms POST /api/v1/employees/
[21:05:47] 200 - 111.8842ms POST /api/v1/auth/login
[21:10:26] 200 - 101.5881ms POST /api/v1/auth/login
[21:15:57] 200 - 106.07ms POST /api/v1/auth/login
[21:28:44] 200 - 20.2425ms GET /api/v1/department/
