[09:24:29] 200 - 93.324ms POST /api/v1/auth/login
[09:26:44] 500 - 12.8698ms POST /api/v1/perjalanan-dinas/spt
[09:26:53] 500 - 11.662ms POST /api/v1/perjalanan-dinas/spt
[13:03:16] 200 - 60.7075ms POST /api/v1/perjalanan-dinas/telaah
[13:03:34] 200 - 24.6281ms GET /api/v1/perjalanan-dinas/telaah
[13:29:53] 401 -      0s GET /api/v1/perjalanan-dinas/telaah
[13:29:56] 200 - 64.5376ms POST /api/v1/perjalanan-dinas/telaah
[13:30:11] 401 -      0s GET /api/v1/perjalanan-dinas/telaah
[13:30:17] 401 -      0s GET /api/v1/perjalanan-dinas/telaah
[13:31:21] 200 - 59.0925ms POST /api/v1/perjalanan-dinas/telaah
[13:31:59] 200 - 40.7321ms POST /api/v1/perjalanan-dinas/telaah
[13:35:23] 200 - 59.4019ms POST /api/v1/perjalanan-dinas/telaah
[13:38:42] 200 - 46.2844ms POST /api/v1/perjalanan-dinas/telaah
[13:43:06] 200 - 54.0297ms POST /api/v1/perjalanan-dinas/telaah
[13:43:28] 200 - 23.432ms GET /api/v1/perjalanan-dinas/telaah
[15:05:42] 200 - 121.9018ms POST /api/v1/perjalanan-dinas/telaah
[15:05:58] 200 - 45.3911ms GET /api/v1/perjalanan-dinas/telaah
[15:38:35] 200 - 55.8856ms POST /api/v1/perjalanan-dinas/telaah
[15:38:38] 200 - 34.343ms GET /api/v1/perjalanan-dinas/telaah
[16:15:50] 200 - 60.9125ms POST /api/v1/perjalanan-dinas/telaah
[16:15:53] 200 - 43.8568ms GET /api/v1/perjalanan-dinas/telaah
[16:30:34] 200 - 59.4576ms POST /api/v1/perjalanan-dinas/telaah
[17:02:09] 200 - 53.0035ms POST /api/v1/perjalanan-dinas/telaah
[17:19:26] 200 - 63.1814ms POST /api/v1/perjalanan-dinas/telaah
[18:32:23] 500 - 26.9964ms POST /api/v1/perjalanan-dinas/spt/a5bba480-549c-423c-a7d1-3be0bc9583f7
[18:32:49] 500 - 13.639ms PUT /api/v1/perjalanan-dinas/spt/a5bba480-549c-423c-a7d1-3be0bc9583f7
[18:33:00] 500 - 14.5183ms PUT /api/v1/perjalanan-dinas/spt/
[18:33:13] 500 - 11.7359ms PUT /api/v1/perjalanan-dinas/spt/
[18:33:14] 500 - 10.4151ms PUT /api/v1/perjalanan-dinas/spt/
[18:33:15] 500 - 8.1925ms PUT /api/v1/perjalanan-dinas/spt/
[18:33:30] 500 - 14.8465ms PUT /api/v1/perjalanan-dinas/spt
[18:37:04] 500 - 16.2294ms PUT /api/v1/perjalanan-dinas/spt
[18:37:17] 500 - 12.7475ms PUT /api/v1/perjalanan-dinas/spt
[19:14:05] 401 - 1.0014ms GET /api/v1/employees/
[19:14:12] 200 - 27.4594ms GET /api/v1/employees/
[19:14:45] 200 - 28.1732ms GET /api/v1/department/
[19:15:07] 200 - 19.8379ms GET /api/v1/handle/
[19:15:18] 200 - 35.0602ms PUT /api/v1/employees/aed6d4c7-a631-48ac-b573-37df014f1a0d
[19:15:45] 200 - 30.3245ms GET /api/v1/perjalanan-dinas/telaah
[19:39:37] 500 - 998.5µs GET /verifications
[21:23:36] 500 -      0s GET /verifications
[21:35:35] 500 -      0s GET /verifications
