[19:09:24] 200 - 90.2423ms POST /api/v1/auth/login
[19:09:54] 401 -      0s GET /api/v1/employees/3ebf2a3a-54b5-4601-b2f5-b0b114636b35
[19:10:02] 200 - 47.5175ms GET /api/v1/employees/3ebf2a3a-54b5-4601-b2f5-b0b114636b35
[19:10:20] 200 - 19.7347ms GET /api/v1/employees/
[19:11:03] 200 - 20.5783ms GET /api/v1/department/
[19:11:51] 500 - 20.6395ms DELETE /api/v1/jabatan/9d291b73-bb5d-4c2e-8c83-bdd42d800c4a
[19:12:27] 500 - 14.202ms DELETE /api/v1/jabatan/9d291b73-bb5d-4c2e-8c83-bdd42d800c4a
[19:13:12] 200 - 25.163ms DELETE /api/v1/employees/3ebf2a3a-54b5-4601-b2f5-b0b114636b35
[19:14:38] 200 - 28.4752ms DELETE /api/v1/employees/3ebf2a3a-54b5-4601-b2f5-b0b114636b35
[19:14:56] 200 - 39.1707ms DELETE /api/v1/employees/3ebf2a3a-54b5-4601-b2f5-b0b114636b35
[19:17:21] 200 - 51.0285ms DELETE /api/v1/employees/3ebf2a3a-54b5-4601-b2f5-b0b114636b35
[19:21:30] 200 - 35.0551ms POST /api/v1/employees/
[19:22:02] 200 - 20.0651ms GET /api/v1/employees/
[19:26:10] 200 - 23.8192ms GET /api/v1/employees/
[19:26:26] 200 - 46.2025ms POST /api/v1/employees/
[19:26:41] 200 - 33.5146ms GET /api/v1/employees/
[19:28:38] 500 - 15.035ms PUT /api/v1/jabatan/9d291b73-bb5d-4c2e-8c83-bdd42d800c4a
[19:29:33] 500 - 16.2628ms PUT /api/v1/jabatan/9d291b73-bb5d-4c2e-8c83-bdd42d800c4a
[19:29:44] 500 - 11.7841ms PUT /api/v1/jabatan/9d291b73-bb5d-4c2e-8c83-bdd42d800c4a
[19:32:57] 200 - 39.2358ms PUT /api/v1/department/9d291b73-bb5d-4c2e-8c83-bdd42d800c4a
[19:36:35] 200 - 22.3867ms GET /api/v1/employees/
[19:39:34] 200 - 28.3195ms GET /api/v1/employees/
[19:40:03] 200 - 30.5453ms PUT /api/v1/department/9d291b73-bb5d-4c2e-8c83-bdd42d800c4a
[19:40:36] 200 - 35.6402ms PUT /api/v1/department/9d291b73-bb5d-4c2e-8c83-bdd42d800c4a
[19:41:15] 200 - 24.5863ms GET /api/v1/employees/
[20:18:11] 400 -      0s PUT /api/v1/employees/4032fab7-ba0d-4ccf-8ed6-8d98a55e77a3
[20:25:12] 200 - 32.1437ms PUT /api/v1/employees/4032fab7-ba0d-4ccf-8ed6-8d98a55e77a3
[20:25:23] 200 - 43.0475ms GET /api/v1/employees/
[20:37:53] 200 - 26.6423ms GET /api/v1/employees/4032fab7-ba0d-4ccf-8ed6-8d98a55e77a3
