[10:07:39] 200 - 75.5754ms POST /api/v1/auth/login
[10:10:11] 200 - 23.2829ms POST /api/v1/lumpsum/
[10:10:46] 200 - 38.6012ms POST /api/v1/lumpsum/
[10:10:53] 200 - 34.2877ms POST /api/v1/lumpsum/
[10:12:05] 200 - 13.7546ms GET /api/v1/lumpsum/
[10:12:16] 200 - 19.637ms GET /api/v1/lumpsum/9fcfbfeb-a7fa-49cc-83cf-4d8324f12353
[10:13:28] 200 - 20.2514ms POST /api/v1/lumpsum/
[10:13:31] 200 - 15.1196ms GET /api/v1/lumpsum/
[10:16:27] 200 - 19.9581ms POST /api/v1/lumpsum/
[10:17:07] 200 - 14.3194ms GET /api/v1/lumpsum/
[10:18:04] 200 - 17.8635ms GET /api/v1/lumpsum/
[10:18:45] 200 - 29.8444ms PUT /api/v1/lumpsum/c4745cc3-aa8e-4468-b047-21f9aa3ad85b
[10:18:51] 200 - 14.2945ms GET /api/v1/lumpsum/
[10:23:50] 200 - 11.6492ms GET /api/v1/lumpsum/
[10:23:59] 200 - 31.462ms DELETE /api/v1/lumpsum/c4745cc3-aa8e-4468-b047-21f9aa3ad85b
[14:22:26] 200 - 105.5861ms POST /api/v1/auth/login
[14:23:54] 200 - 20.0102ms GET /api/v1/employees/
[14:24:11] 200 - 38.2383ms POST /api/v1/kegiatan/
[14:27:21] 200 - 24.0583ms POST /api/v1/kegiatan/
[14:52:01] 200 - 33.4316ms POST /api/v1/kegiatan/
