[10:50:51] 200 - 87.7547ms POST /api/v1/auth/login
[10:51:09] 200 - 35.2783ms POST /api/v1/department/
[10:51:22] 200 - 36.0776ms POST /api/v1/handle/
[10:52:15] 401 -      0s POST /api/v1/employees/
[10:52:29] 200 - 36.0754ms POST /api/v1/employees/
[10:52:34] 200 - 19.3743ms GET /api/v1/employees/
[10:52:52] 200 - 34.8892ms POST /api/v1/employees/
[10:52:58] 200 - 36.1664ms POST /api/v1/employees/
[10:53:01] 200 - 23.4948ms GET /api/v1/employees/
[10:53:14] 401 -      0s GET /api/v1/kegiatan/
[10:53:55] 401 -      0s POST /api/v1/kegiatan/
[10:54:04] 200 - 25.6024ms POST /api/v1/kegiatan/
[10:54:07] 200 - 20.077ms GET /api/v1/kegiatan/
[10:55:26] 200 - 56.3116ms POST /api/v1/perjalanan-dinas/telaah
[10:55:40] 200 - 30.3477ms GET /api/v1/perjalanan-dinas/telaah
[10:59:28] 200 - 56.0907ms POST /api/v1/perjalanan-dinas/spt
[10:59:47] 200 - 42.4885ms GET /api/v1/perjalanan-dinas/spt
[11:00:39] 200 - 39.5773ms POST /api/v1/perjalanan-dinas/sppd
[11:01:21] 500 - 14.1787ms GET /api/v1/perjalanan-dinas/sppd
[11:04:07] 200 - 20.3006ms GET /api/v1/perjalanan-dinas/sppd
[11:07:08] 200 - 23.5676ms GET /api/v1/perjalanan-dinas/sppd
[11:08:31] 200 - 83.2597ms GET /api/v1/perjalanan-dinas/sppd
[13:36:42] 200 - 27.5431ms GET /api/v1/perjalanan-dinas/sppd
[13:37:27] 200 - 26.3805ms GET /api/v1/perjalanan-dinas/sppd
[13:37:48] 200 - 21.0834ms GET /api/v1/perjalanan-dinas/sppd
[13:53:53] 200 - 51.9999ms POST /api/v1/perjalanan-dinas/rincian-perdin
