[11:55:28] 200 - 188.5272ms POST /api/v1/auth/login
[12:39:52] 200 - 118.4716ms POST /api/v1/auth/login
[12:40:06] 500 - 27.7401ms GET /api/v1/employees/
[12:41:45] 200 - 26.9736ms GET /api/v1/employees/
[12:45:07] 200 - 22.722ms GET /api/v1/employees/3e9d5e8b-ce42-42b6-8821-846f6e42e78f
[12:47:01] 200 - 19.5984ms GET /api/v1/employees/
[12:50:04] 401 - 999.6µs POST /api/v1/employees/
[12:50:09] 200 - 42.0345ms POST /api/v1/employees/
[12:52:02] 200 - 17.5746ms GET /api/v1/employees/
[12:52:28] 401 - 999.5µs GET /api/v1/department/
[12:52:31] 200 - 18.4396ms GET /api/v1/department/
[13:04:02] 200 - 26.6459ms GET /api/v1/employees/3ebf2a3a-54b5-4601-b2f5-b0b114636b35
[13:04:14] 200 - 20.3554ms GET /api/v1/employees/
[13:10:27] 200 - 14.3833ms GET /api/v1/employees/
[13:17:47] 200 - 25.0147ms GET /api/v1/employees/
[13:21:31] 200 - 14.7535ms GET /api/v1/employees/
[13:31:48] 200 - 14.7207ms GET /api/v1/employees/
[13:32:17] 200 - 31.7016ms GET /api/v1/employees/3ebf2a3a-54b5-4601-b2f5-b0b114636b35
[13:44:41] 200 - 35.0205ms GET /api/v1/employees/3ebf2a3a-54b5-4601-b2f5-b0b114636b35
[13:44:46] 200 - 30.6708ms GET /api/v1/employees/
[13:46:54] 500 - 19.0193ms DELETE /api/v1/employees/:id
[13:47:11] 500 - 23.9437ms DELETE /api/v1/employees/3ebf2a3a-54b5-4601-b2f5-b0b114636b35
[13:48:29] 200 - 42.2709ms DELETE /api/v1/employees/3ebf2a3a-54b5-4601-b2f5-b0b114636b35
[13:48:35] 200 - 29.9455ms GET /api/v1/employees/
[13:48:42] 200 - 24.719ms GET /api/v1/employees/3ebf2a3a-54b5-4601-b2f5-b0b114636b35
[13:49:35] 200 - 28.5419ms DELETE /api/v1/employees/3ebf2a3a-54b5-4601-b2f5-b0b114636b35
[13:49:58] 401 - 1.0126ms POST /api/v1/department/
[13:50:12] 200 - 42.2072ms POST /api/v1/department/
[13:50:17] 200 - 13.3992ms GET /api/v1/department/
[13:50:44] 500 - 18.0468ms DELETE /api/v1/jabatan/5f583eba-81b2-4598-b526-4c66b7a7df04
[13:50:58] 500 - 21.8801ms DELETE /api/v1/jabatan/5f583eba-81b2-4598-b526-4c66b7a7df04
[13:51:23] 200 - 19.1729ms GET /api/v1/department/
[13:51:34] 500 - 19.7499ms DELETE /api/v1/jabatan/5f583eba-81b2-4598-b526-4c66b7a7df04
[13:53:15] 200 - 18.7398ms GET /api/v1/handle/
[13:54:12] 500 - 15.7058ms DELETE /api/v1/pangkatgolongan/c8bfe058-bbf0-4fa1-b4d4-1f30181b3a93
