[10:54:45] 200 - 95.1595ms POST /api/v1/auth/login
[10:55:24] 200 - 22.8121ms GET /api/v1/kegiatan/
[10:55:36] 200 - 66.132ms POST /api/v1/perjalanan-dinas/telaah
[10:55:42] 200 - 39.139ms GET /api/v1/perjalanan-dinas/telaah
[10:58:01] 200 - 38.3371ms POST /api/v1/perjalanan-dinas/spt
[10:58:07] 200 - 41.3676ms GET /api/v1/perjalanan-dinas/spt
[10:59:46] 200 - 54.6004ms POST /api/v1/perjalanan-dinas/sppd
[11:01:24] 200 - 41.8753ms POST /api/v1/perjalanan-dinas/sppd
[11:03:05] 200 - 43.7415ms GET /api/v1/perjalanan-dinas/sppd
[11:03:50] 200 - 72.442ms POST /api/v1/perjalanan-dinas/rincian-perdin
[11:04:48] 200 - 32.7008ms POST /api/v1/perjalanan-dinas/laporan-perdin
[11:08:07] 500 - 24.4491ms POST /api/v1/perjalanan-dinas/laporan-perdin
[11:08:19] 200 - 30.2452ms POST /api/v1/perjalanan-dinas/laporan-perdin
[11:37:49] 200 - 44.9736ms POST /api/v1/perjalanan-dinas/dokumen-perdin
[15:01:14] 400 - 23.4402ms POST /api/v1/perjalanan-dinas/dokumen-perdin
[15:02:04] 200 - 39.6898ms POST /api/v1/perjalanan-dinas/dokumen-perdin
[15:02:39] 200 - 40.2109ms POST /api/v1/perjalanan-dinas/dokumen-perdin
[15:36:37] 400 - 16.4732ms POST /api/v1/perjalanan-dinas/dokumen-perdin
[15:36:57] 200 - 33.8788ms POST /api/v1/perjalanan-dinas/dokumen-perdin
[16:05:41] 200 - 20.4297ms POST /api/v1/perjalanan-dinas/dokumen-perdin
[16:06:46] 200 - 20.5776ms POST /api/v1/perjalanan-dinas/dokumen-perdin
[16:07:13] 200 - 21.7135ms POST /api/v1/perjalanan-dinas/dokumen-perdin
[16:07:52] 200 - 12.076ms POST /api/v1/perjalanan-dinas/dokumen-perdin
[16:09:49] 200 - 12.139ms POST /api/v1/perjalanan-dinas/dokumen-perdin
[16:11:17] 200 - 14.3073ms POST /api/v1/perjalanan-dinas/dokumen-perdin
