[11:37:08] 200 - 81.1513ms POST /api/v1/auth/login
[11:37:38] 500 - 21.1276ms POST /api/v1/perjalanan-dinas/telaah
[11:49:37] 200 - 25.7605ms POST /api/v1/perjalanan-dinas/telaah
[12:27:17] 200 - 31.5155ms POST /api/v1/department/
[12:27:30] 200 - 33.1315ms POST /api/v1/handle/
[12:28:14] 200 - 24.208ms POST /api/v1/employees/
[12:28:55] 200 - 20.5573ms GET /api/v1/employees/
[12:29:05] 200 - 34.7254ms POST /api/v1/kegiatan/
[12:30:54] 200 - 33.2659ms POST /api/v1/kegiatan/
[13:07:13] 200 - 21.7578ms GET /api/v1/kegiatan/
[13:07:26] 200 - 38.4816ms POST /api/v1/kegiatan/
[13:07:29] 200 - 17.6837ms GET /api/v1/kegiatan/
[13:07:52] 401 -      0s GET /api/v1/kegiatan/29f22930-5bf2-4625-bfc3-da72da41902b
[13:08:02] 200 - 25.7437ms GET /api/v1/kegiatan/29f22930-5bf2-4625-bfc3-da72da41902b
[13:09:53] 200 - 41.403ms POST /api/v1/employees/
[13:09:58] 200 - 21.0996ms GET /api/v1/employees/
[13:10:31] 200 - 24.0429ms PUT /api/v1/kegiatan/c4745cc3-aa8e-4468-b047-21f9aa3ad85b
[13:10:36] 200 - 19.8762ms GET /api/v1/kegiatan/
[13:10:46] 200 - 27.4624ms GET /api/v1/kegiatan/
[13:11:24] 200 - 27.9332ms PUT /api/v1/kegiatan/29f22930-5bf2-4625-bfc3-da72da41902b
[13:11:27] 200 - 14.5737ms GET /api/v1/kegiatan/
[16:55:42] 200 - 18.2792ms POST /api/v1/perjalanan-dinas/telaah
[16:56:39] 200 - 11.8425ms POST /api/v1/perjalanan-dinas/telaah
[17:02:27] 200 - 21.196ms GET /api/v1/kegiatan/
[17:03:28] 200 - 14.9867ms GET /api/v1/kegiatan/
[18:29:47] 200 - 15.9146ms POST /api/v1/perjalanan-dinas/telaah
