[20:46:26] 200 - 77.4261ms POST /api/v1/auth/login
[20:46:47] 200 - 36.7751ms GET /api/v1/Department/
[20:46:52] 200 - 18.8471ms GET /api/v1/Department/
[20:46:57] 200 - 52.9396ms POST /api/v1/Department/
[20:47:05] 200 - 22.0556ms GET /api/v1/Department/
[21:15:50] 200 - 120.1619ms POST /api/v1/Department/
[21:17:50] 200 - 25.9183ms GET /api/v1/Department/
[21:21:20] 200 - 29.6128ms GET /api/v1/Department/
[21:22:11] 200 - 16.2742ms GET /api/v1/Department/
[21:24:08] 200 - 41.3241ms POST /api/v1/Department/
[21:25:06] 200 - 25.281ms GET /api/v1/Department
[22:39:41] 200 - 97.3747ms POST /api/v1/auth/login
[22:39:54] 500 - 17.1302ms GET /api/v1/Department/4f07f716-226f-4ff8-a76a-c0659da0326a
[22:42:32] 401 - 508.8µs GET /api/v1/Department
[22:42:37] 500 - 14.8187ms GET /api/v1/Department/4f07f716-226f-4ff8-a76a-c0659da0326a
[22:43:23] 200 - 20.5991ms GET /api/v1/Department/4f07f716-226f-4ff8-a76a-c0659da0326a
[22:44:04] 401 -      0s GET /api/v1/Department
[22:44:10] 200 - 107.7669ms POST /api/v1/auth/login
[22:44:42] 200 - 16.9552ms GET /api/v1/Department
[22:44:49] 200 - 41.7088ms POST /api/v1/Department/
[22:45:09] 200 - 41.6472ms POST /api/v1/Department/
[22:45:21] 200 - 42.2264ms POST /api/v1/Department/
[22:45:25] 200 - 21.0176ms GET /api/v1/Department
[22:54:42] 200 - 21.6869ms GET /api/v1/Department
[23:00:17] 200 - 19.8832ms GET /api/v1/Department
[23:00:44] 200 - 17.3969ms GET /api/v1/Department/fb6591e7-c550-44cd-b8d3-f1ba034e2bec
[23:00:51] 200 - 39.5692ms DELETE /api/v1/Department/2cad36ab-1014-45d5-b0e2-979aca0cd58e
[23:01:09] 200 - 20.7883ms GET /api/v1/Department
[23:12:42] 200 - 17.9557ms GET /api/v1/Department
[23:13:24] 500 - 16.2621ms PUT /api/v1/Department/ccb8bca8-f8f5-4822-a404-5bf5a189a1ad
[23:19:33] 200 - 41.0198ms PUT /api/v1/Department/ccb8bca8-f8f5-4822-a404-5bf5a189a1ad
[23:19:46] 200 - 20.4973ms GET /api/v1/Department
[23:20:56] 200 - 25.2959ms PUT /api/v1/Department/ccb8bca8-f8f5-4822-a404-5bf5a189a1ad
[23:35:52] 200 - 24.0118ms PUT /api/v1/Department/ccb8bca8-f8f5-4822-a404-5bf5a189a1ad
[23:36:03] 200 - 25.568ms GET /api/v1/Department
[23:37:50] 200 - 25.9809ms PUT /api/v1/Department/ccb8bca8-f8f5-4822-a404-5bf5a189a1ad
[23:37:58] 200 - 16.6259ms GET /api/v1/Department
[23:38:55] 200 - 24.7183ms PUT /api/v1/Department/ccb8bca8-f8f5-4822-a404-5bf5a189a1ad
[23:39:33] 200 - 39.5905ms PUT /api/v1/Department/ccb8bca8-f8f5-4822-a404-5bf5a189a1ad
[23:42:30] 200 - 22.4937ms PUT /api/v1/Department/ccb8bca8-f8f5-4822-a404-5bf5a189a1ad
[23:44:27] 401 -      0s PUT /api/v1/Department/ccb8bca8-f8f5-4822-a404-5bf5a189a1ad
[23:44:32] 200 - 108.0579ms POST /api/v1/auth/login
[23:44:40] 200 - 23.8392ms PUT /api/v1/Department/ccb8bca8-f8f5-4822-a404-5bf5a189a1ad
[23:44:48] 200 - 41.2871ms PUT /api/v1/Department/ccb8bca8-f8f5-4822-a404-5bf5a189a1ad
[23:44:56] 401 -      0s GET /api/v1/Department
[23:45:02] 200 - 27.4015ms GET /api/v1/Department
[23:51:08] 200 - 24.3091ms PUT /api/v1/Department/ccb8bca8-f8f5-4822-a404-5bf5a189a1ad
[23:52:33] 200 - 119.1425ms PUT /api/v1/Department/ccb8bca8-f8f5-4822-a404-5bf5a189a1ad
[23:53:33] 200 - 23.7439ms PUT /api/v1/Department/ccb8bca8-f8f5-4822-a404-5bf5a189a1ad
