[11:27:14] 401 - 544.1µs POST /api/v1/perjalanan-dinas/dokumen-perdin
[11:27:20] 200 - 99.7415ms POST /api/v1/auth/login
[11:55:37] 200 - 82.9042ms POST /api/v1/perjalanan-dinas/dokumen-perdin
[12:13:41] 200 - 67.7071ms POST /api/v1/perjalanan-dinas/dokumen-perdin
[13:11:35] 200 - 59.6804ms POST /api/v1/perjalanan-dinas/dokumen-perdin
[13:11:50] 200 - 73.1079ms POST /api/v1/perjalanan-dinas/dokumen-perdin
[13:12:05] 200 - 58.2459ms POST /api/v1/perjalanan-dinas/dokumen-perdin
[13:26:44] 200 - 82.6491ms POST /api/v1/perjalanan-dinas/dokumen-perdin
[13:31:37] 200 - 75.917ms POST /api/v1/perjalanan-dinas/dokumen-perdin
[13:32:05] 200 - 56.9162ms POST /api/v1/perjalanan-dinas/dokumen-perdin
[13:32:56] 200 - 62.8343ms POST /api/v1/perjalanan-dinas/dokumen-perdin
[14:00:51] 200 - 115.2837ms POST /api/v1/perjalanan-dinas/dokumen-perdin
[15:08:21] 200 - 41.524ms POST /api/v1/employees/
[15:10:31] 200 - 43.7796ms POST /api/v1/employees/
[15:11:02] 200 - 44.4081ms POST /api/v1/employees/
[15:14:07] 200 - 45.7235ms POST /api/v1/employees/
[15:15:00] 200 - 36.0081ms POST /api/v1/employees/
[15:18:37] 200 - 39.3393ms POST /api/v1/employees/
[15:18:56] 200 - 29.5903ms POST /api/v1/employees/
[15:22:23] 200 - 24.3624ms GET /api/v1/employees/
[15:22:44] 200 - 31.0567ms POST /api/v1/employees/
[15:22:48] 200 - 27.562ms GET /api/v1/employees/
[15:24:20] 401 -      0s PUT /api/v1/employees/fede3303-c9ee-4db1-8dde-17e776bc6a83
