[09:31:38] 200 - 132.0339ms POST /api/v1/auth/login
[09:32:30] 200 - 99.5946ms POST /api/v1/perjalanan-dinas/telaah
[09:32:50] 200 - 56.043ms POST /api/v1/perjalanan-dinas/spt
[09:33:03] 200 - 60.2925ms POST /api/v1/perjalanan-dinas/sppd
[10:04:06] 200 - 69.7868ms POST /api/v1/perjalanan-dinas/rincian-perdin
[10:06:31] 200 - 75.9001ms POST /api/v1/perjalanan-dinas/rincian-perdin
[10:15:16] 200 - 104.0355ms POST /api/v1/perjalanan-dinas/rincian-perdin
[12:07:00] 200 - 99.3275ms POST /api/v1/perjalanan-dinas/telaah
[12:07:16] 200 - 54.4515ms POST /api/v1/perjalanan-dinas/spt
[12:07:29] 200 - 41.7149ms POST /api/v1/perjalanan-dinas/sppd
[12:10:15] 200 - 51.7893ms POST /api/v1/perjalanan-dinas/sppd
[12:11:21] 200 - 39.8914ms POST /api/v1/perjalanan-dinas/sppd
[12:13:37] 200 - 60.2282ms POST /api/v1/perjalanan-dinas/spt
[12:13:44] 200 - 92.2058ms POST /api/v1/perjalanan-dinas/telaah
[12:14:43] 200 - 92.5641ms POST /api/v1/perjalanan-dinas/telaah
[12:14:58] 200 - 84.9877ms POST /api/v1/perjalanan-dinas/spt
[12:15:36] 200 - 54.6117ms POST /api/v1/perjalanan-dinas/sppd
[12:18:45] 200 - 87.0322ms POST /api/v1/perjalanan-dinas/telaah
[12:18:58] 200 - 48.8502ms POST /api/v1/perjalanan-dinas/spt
[12:19:07] 200 - 52.2717ms POST /api/v1/perjalanan-dinas/sppd
[12:21:53] 200 - 99.4582ms POST /api/v1/perjalanan-dinas/telaah
[12:22:06] 200 - 56.6459ms POST /api/v1/perjalanan-dinas/spt
[12:22:15] 200 - 44.4666ms POST /api/v1/perjalanan-dinas/sppd
[12:27:15] 200 - 95.6407ms POST /api/v1/perjalanan-dinas/telaah
[12:27:26] 200 - 144.7969ms POST /api/v1/perjalanan-dinas/spt
[12:27:35] 200 - 52.0908ms POST /api/v1/perjalanan-dinas/sppd
[12:30:34] 200 - 83.8954ms POST /api/v1/perjalanan-dinas/rincian-perdin
[12:33:12] 200 - 103.3222ms POST /api/v1/perjalanan-dinas/rincian-perdin
[12:53:43] 500 -      0s GET /verifications
