[10:32:40] 200 - 66.9721ms POST /api/v1/auth/login
[10:42:20] 400 - 22.6047ms PUT /api/v1/employees/80996e34-3d10-4a42-b2c8-c79cc19ebf7a
[11:10:27] 500 - 14.2635ms PUT /api/v1/employees/80996e34-3d10-4a42-b2c8-c79cc19ebf7a
[11:11:30] 200 - 32.2988ms PUT /api/v1/employees/80996e34-3d10-4a42-b2c8-c79cc19ebf7a
[11:12:40] 200 - 26.4495ms PUT /api/v1/employees/80996e34-3d10-4a42-b2c8-c79cc19ebf7a
[11:13:28] 200 - 76.7844ms PUT /api/v1/employees/80996e34-3d10-4a42-b2c8-c79cc19ebf7a
[11:14:59] 400 - 33.1918ms PUT /api/v1/employees/80996e34-3d10-4a42-b2c8-c79cc19ebf7a
[11:20:09] 500 - 30.0027ms PUT /api/v1/employees/80996e34-3d10-4a42-b2c8-c79cc19ebf7a
[11:20:43] 400 - 40.3423ms PUT /api/v1/employees/80996e34-3d10-4a42-b2c8-c79cc19ebf7a
[11:21:43] 400 - 29.3495ms POST /api/v1/employees/
[11:30:39] 400 - 33.7609ms POST /api/v1/employees/
[11:31:16] 400 - 22.9391ms PUT /api/v1/employees/fede3303-c9ee-4db1-8dde-17e776bc6a83
[11:36:04] 200 - 32.8508ms POST /api/v1/employees/
[11:36:50] 500 - 22.6377ms PUT /api/v1/employees/e63c6e35-f504-4003-abf4-ce1ef94946f7
[11:38:00] 500 - 24.9918ms PUT /api/v1/employees/e63c6e35-f504-4003-abf4-ce1ef94946f7
[11:39:19] 500 - 21.4705ms PUT /api/v1/employees/e63c6e35-f504-4003-abf4-ce1ef94946f7
[11:43:40] 500 - 21.7294ms PUT /api/v1/employees/e63c6e35-f504-4003-abf4-ce1ef94946f7
[11:45:36] 200 - 38.2026ms POST /api/v1/employees/
[11:45:57] 200 - 35.9124ms PUT /api/v1/employees/6afa6c17-a80e-4976-aa9d-6ed02f23d98b
[11:46:25] 200 - 54.3492ms PUT /api/v1/employees/6afa6c17-a80e-4976-aa9d-6ed02f23d98b
[12:37:36] 400 - 73.972ms POST /api/v1/perjalanan-dinas/dokumen-perdin
[12:40:36] 400 - 24.5405ms POST /api/v1/perjalanan-dinas/dokumen-perdin
[12:41:17] 400 - 22.3012ms POST /api/v1/perjalanan-dinas/dokumen-perdin
[12:41:39] 400 - 13.1434ms POST /api/v1/perjalanan-dinas/dokumen-perdin
[12:41:53] 400 - 21.305ms POST /api/v1/perjalanan-dinas/dokumen-perdin
[12:43:23] 500 - 18.8239ms POST /api/v1/perjalanan-dinas/laporan-perdin
[12:44:32] 200 - 271.365ms POST /api/v1/perjalanan-dinas/laporan-perdin
[12:47:25] 200 - 40.3884ms POST /api/v1/perjalanan-dinas/laporan-perdin
[12:49:14] 200 - 64.4222ms POST /api/v1/perjalanan-dinas/laporan-perdin
[12:50:53] 400 - 17.9581ms POST /api/v1/perjalanan-dinas/laporan-perdin
[12:52:55] 500 - 36.061ms POST /api/v1/perjalanan-dinas/laporan-perdin
[12:53:45] 200 - 32.6658ms POST /api/v1/perjalanan-dinas/laporan-perdin
[12:55:40] 200 - 28.3458ms POST /api/v1/perjalanan-dinas/laporan-perdin
[13:07:24] 200 - 23.1812ms GET /api/v1/employees/
[13:07:40] 200 - 30.9364ms GET /api/v1/employees/
[13:07:55] 200 - 31.8232ms GET /api/v1/perjalanan-dinas/rekap-perdin
[13:13:04] 200 - 31.2476ms GET /api/v1/perjalanan-dinas/rekap-perdin
[13:20:03] 200 - 29.9098ms GET /api/v1/perjalanan-dinas/rekap-perdin
[13:21:54] 200 - 28.3145ms GET /api/v1/perjalanan-dinas/rekap-perdin
[13:26:31] 200 - 49.7671ms GET /api/v1/perjalanan-dinas/sppd
[13:27:36] 200 - 69.4511ms POST /api/v1/perjalanan-dinas/telaah
[13:29:07] 200 - 45.6256ms POST /api/v1/perjalanan-dinas/spt
[13:29:20] 200 - 55.1419ms POST /api/v1/perjalanan-dinas/sppd
[13:29:37] 200 - 71.9951ms POST /api/v1/perjalanan-dinas/rincian-perdin
[13:29:48] 200 - 51.0124ms POST /api/v1/perjalanan-dinas/laporan-perdin
[13:30:29] 200 - 35.645ms GET /api/v1/perjalanan-dinas/rekap-perdin
[13:36:55] 200 - 49.4056ms GET /api/v1/perjalanan-dinas/sppd
